# JRE version: OpenJDK Runtime Environment (8.0_242-b01) (build 1.8.0_242-release-1644-b01)
# Java VM: OpenJDK 64-Bit Server VM (25.242-b01 mixed mode windows-amd64 compressed oops)
Heap:
 PSYoungGen      total 95232K, used 41621K [0x00000000d5580000, 0x00000000dc380000, 0x0000000100000000)
  eden space 88064K, 39% used [0x00000000d5580000,0x00000000d7727350,0x00000000dab80000)
  from space 7168K, 99% used [0x00000000dbc80000,0x00000000dc37e368,0x00000000dc380000)
  to   space 8192K, 0% used [0x00000000db380000,0x00000000db380000,0x00000000dbb80000)
 ParOldGen       total 54784K, used 17244K [0x0000000080000000, 0x0000000083580000, 0x00000000d5580000)
  object space 54784K, 31% used [0x0000000080000000,0x00000000810d72a8,0x0000000083580000)
 Metaspace       used 44345K, capacity 45782K, committed 45872K, reserved 1089536K
  class space    used 6001K, capacity 6385K, committed 6448K, reserved 1048576K
GC Heap History (10 events):
Event: 13.419 GC heap before
{Heap before GC invocations=12 (full 1):
 PSYoungGen      total 57856K, used 51712K [0x00000000d5580000, 0x00000000d9400000, 0x0000000100000000)
  eden space 51712K, 100% used [0x00000000d5580000,0x00000000d8800000,0x00000000d8800000)
  from space 6144K, 0% used [0x00000000d8e00000,0x00000000d8e00000,0x00000000d9400000)
  to   space 6144K, 0% used [0x00000000d8800000,0x00000000d8800000,0x00000000d8e00000)
 ParOldGen       total 32768K, used 8090K [0x0000000080000000, 0x0000000082000000, 0x00000000d5580000)
  object space 32768K, 24% used [0x0000000080000000,0x00000000807e6bf0,0x0000000082000000)
 Metaspace       used 27094K, capacity 27768K, committed 28080K, reserved 1073152K
  class space    used 3730K, capacity 3962K, committed 4016K, reserved 1048576K
Event: 13.440 GC heap after
Heap after GC invocations=12 (full 1):
 PSYoungGen      total 57856K, used 6118K [0x00000000d5580000, 0x00000000da800000, 0x0000000100000000)
  eden space 51712K, 0% used [0x00000000d5580000,0x00000000d5580000,0x00000000d8800000)
  from space 6144K, 99% used [0x00000000d8800000,0x00000000d8df9b18,0x00000000d8e00000)
  to   space 6656K, 0% used [0x00000000da180000,0x00000000da180000,0x00000000da800000)
 ParOldGen       total 32768K, used 8438K [0x0000000080000000, 0x0000000082000000, 0x00000000d5580000)
  object space 32768K, 25% used [0x0000000080000000,0x000000008083d818,0x0000000082000000)
 Metaspace       used 27094K, capacity 27768K, committed 28080K, reserved 1073152K
  class space    used 3730K, capacity 3962K, committed 4016K, reserved 1048576K
}
Event: 16.168 GC heap before
{Heap before GC invocations=13 (full 1):
 PSYoungGen      total 57856K, used 57830K [0x00000000d5580000, 0x00000000da800000, 0x0000000100000000)
  eden space 51712K, 100% used [0x00000000d5580000,0x00000000d8800000,0x00000000d8800000)
  from space 6144K, 99% used [0x00000000d8800000,0x00000000d8df9b18,0x00000000d8e00000)
  to   space 6656K, 0% used [0x00000000da180000,0x00000000da180000,0x00000000da800000)
 ParOldGen       total 32768K, used 8438K [0x0000000080000000, 0x0000000082000000, 0x00000000d5580000)
  object space 32768K, 25% used [0x0000000080000000,0x000000008083d818,0x0000000082000000)
 Metaspace       used 31413K, capacity 32148K, committed 32432K, reserved 1077248K
  class space    used 4274K, capacity 4502K, committed 4528K, reserved 1048576K
Event: 16.193 GC heap after
Heap after GC invocations=13 (full 1):
 PSYoungGen      total 77312K, used 5133K [0x00000000d5580000, 0x00000000da880000, 0x0000000100000000)
  eden space 70656K, 0% used [0x00000000d5580000,0x00000000d5580000,0x00000000d9a80000)
  from space 6656K, 77% used [0x00000000da180000,0x00000000da6835b0,0x00000000da800000)
  to   space 7168K, 0% used [0x00000000d9a80000,0x00000000d9a80000,0x00000000da180000)
 ParOldGen       total 32768K, used 10965K [0x0000000080000000, 0x0000000082000000, 0x00000000d5580000)
  object space 32768K, 33% used [0x0000000080000000,0x0000000080ab5790,0x0000000082000000)
 Metaspace       used 31413K, capacity 32148K, committed 32432K, reserved 1077248K
  class space    used 4274K, capacity 4502K, committed 4528K, reserved 1048576K
}
Event: 18.964 GC heap before
{Heap before GC invocations=14 (full 1):
 PSYoungGen      total 77312K, used 75202K [0x00000000d5580000, 0x00000000da880000, 0x0000000100000000)
  eden space 70656K, 99% used [0x00000000d5580000,0x00000000d99ed590,0x00000000d9a80000)
  from space 6656K, 77% used [0x00000000da180000,0x00000000da6835b0,0x00000000da800000)
  to   space 7168K, 0% used [0x00000000d9a80000,0x00000000d9a80000,0x00000000da180000)
 ParOldGen       total 32768K, used 10965K [0x0000000080000000, 0x0000000082000000, 0x00000000d5580000)
  object space 32768K, 33% used [0x0000000080000000,0x0000000080ab5790,0x0000000082000000)
 Metaspace       used 34605K, capacity 35430K, committed 35496K, reserved 1079296K
  class space    used 4747K, capacity 5002K, committed 5040K, reserved 1048576K
Event: 19.024 GC heap after
Heap after GC invocations=14 (full 1):
 PSYoungGen      total 77824K, used 4913K [0x00000000d5580000, 0x00000000dc380000, 0x0000000100000000)
  eden space 70656K, 0% used [0x00000000d5580000,0x00000000d5580000,0x00000000d9a80000)
  from space 7168K, 68% used [0x00000000d9a80000,0x00000000d9f4c720,0x00000000da180000)
  to   space 7168K, 0% used [0x00000000dbc80000,0x00000000dbc80000,0x00000000dc380000)
 ParOldGen       total 32768K, used 13001K [0x0000000080000000, 0x0000000082000000, 0x00000000d5580000)
  object space 32768K, 39% used [0x0000000080000000,0x0000000080cb27d0,0x0000000082000000)
 Metaspace       used 34605K, capacity 35430K, committed 35496K, reserved 1079296K
  class space    used 4747K, capacity 5002K, committed 5040K, reserved 1048576K
}
Event: 19.024 GC heap before
{Heap before GC invocations=15 (full 2):
 PSYoungGen      total 77824K, used 4913K [0x00000000d5580000, 0x00000000dc380000, 0x0000000100000000)
  eden space 70656K, 0% used [0x00000000d5580000,0x00000000d5580000,0x00000000d9a80000)
  from space 7168K, 68% used [0x00000000d9a80000,0x00000000d9f4c720,0x00000000da180000)
  to   space 7168K, 0% used [0x00000000dbc80000,0x00000000dbc80000,0x00000000dc380000)
 ParOldGen       total 32768K, used 13001K [0x0000000080000000, 0x0000000082000000, 0x00000000d5580000)
  object space 32768K, 39% used [0x0000000080000000,0x0000000080cb27d0,0x0000000082000000)
 Metaspace       used 34605K, capacity 35430K, committed 35496K, reserved 1079296K
  class space    used 4747K, capacity 5002K, committed 5040K, reserved 1048576K
Event: 19.251 GC heap after
Heap after GC invocations=15 (full 2):
 PSYoungGen      total 77824K, used 0K [0x00000000d5580000, 0x00000000dc380000, 0x0000000100000000)
  eden space 70656K, 0% used [0x00000000d5580000,0x00000000d5580000,0x00000000d9a80000)
  from space 7168K, 0% used [0x00000000d9a80000,0x00000000d9a80000,0x00000000da180000)
  to   space 7168K, 0% used [0x00000000dbc80000,0x00000000dbc80000,0x00000000dc380000)
 ParOldGen       total 54784K, used 15964K [0x0000000080000000, 0x0000000083580000, 0x00000000d5580000)
  object space 54784K, 29% used [0x0000000080000000,0x0000000080f97218,0x0000000083580000)
 Metaspace       used 34605K, capacity 35430K, committed 35496K, reserved 1079296K
  class space    used 4747K, capacity 5002K, committed 5040K, reserved 1048576K
}
Event: 23.014 GC heap before
{Heap before GC invocations=16 (full 2):
 PSYoungGen      total 77824K, used 70656K [0x00000000d5580000, 0x00000000dc380000, 0x0000000100000000)
  eden space 70656K, 100% used [0x00000000d5580000,0x00000000d9a80000,0x00000000d9a80000)
  from space 7168K, 0% used [0x00000000d9a80000,0x00000000d9a80000,0x00000000da180000)
  to   space 7168K, 0% used [0x00000000dbc80000,0x00000000dbc80000,0x00000000dc380000)
 ParOldGen       total 54784K, used 15964K [0x0000000080000000, 0x0000000083580000, 0x00000000d5580000)
  object space 54784K, 29% used [0x0000000080000000,0x0000000080f97218,0x0000000083580000)
 Metaspace       used 40501K, capacity 41764K, committed 42032K, reserved 1085440K
  class space    used 5528K, capacity 5852K, committed 5936K, reserved 1048576K
Event: 23.045 GC heap after
Heap after GC invocations=16 (full 2):
 PSYoungGen      total 95232K, used 7160K [0x00000000d5580000, 0x00000000dc380000, 0x0000000100000000)
  eden space 88064K, 0% used [0x00000000d5580000,0x00000000d5580000,0x00000000dab80000)
  from space 7168K, 99% used [0x00000000dbc80000,0x00000000dc37e368,0x00000000dc380000)
  to   space 8192K, 0% used [0x00000000db380000,0x00000000db380000,0x00000000dbb80000)
 ParOldGen       total 54784K, used 17244K [0x0000000080000000, 0x0000000083580000, 0x00000000d5580000)
  object space 54784K, 31% used [0x0000000080000000,0x00000000810d72a8,0x0000000083580000)
 Metaspace       used 40501K, capacity 41764K, committed 42032K, reserved 1085440K
  class space    used 5528K, capacity 5852K, committed 5936K, reserved 1048576K
}

